Case #1: 1 0
Case #2: 1 0
Case #3: 1 1
Case #4: 0 0
Case #5: 500 499
Case #6: 1 1
Case #7: 1 0
Case #8: 7 6
Case #9: 0 0
Case #10: 3 2
Case #11: 1 0
Case #12: 0 0
Case #13: 1 0
Case #14: 250 249
Case #15: 0 0
Case #16: 1 1
Case #17: 1 1
Case #18: 3 2
Case #19: 1 0
Case #20: 0 0
Case #21: 0 0
Case #22: 0 0
Case #23: 0 0
Case #24: 125 124
Case #25: 1 1
Case #26: 499 499
Case #27: 0 0
Case #28: 0 0
Case #29: 0 0
Case #30: 0 0
Case #31: 0 0
Case #32: 0 0
Case #33: 1 0
Case #34: 0 0
Case #35: 0 0
Case #36: 0 0
Case #37: 1 0
Case #38: 1 1
Case #39: 3 3
Case #40: 2 1
Case #41: 0 0
Case #42: 0 0
Case #43: 0 0
Case #44: 0 0
Case #45: 3 2
Case #46: 3 3
Case #47: 0 0
Case #48: 0 0
Case #49: 1 1
Case #50: 1 1
Case #51: 0 0
Case #52: 0 0
Case #53: 3 3
Case #54: 2 2
Case #55: 0 0
Case #56: 1 0
Case #57: 0 0
Case #58: 0 0
Case #59: 0 0
Case #60: 1 0
Case #61: 1 0
Case #62: 0 0
Case #63: 0 0
Case #64: 1 0
Case #65: 0 0
Case #66: 1 0
Case #67: 0 0
Case #68: 1 0
Case #69: 0 0
Case #70: 7 6
Case #71: 0 0
Case #72: 0 0
Case #73: 0 0
Case #74: 0 0
Case #75: 3 3
Case #76: 0 0
Case #77: 250 249
Case #78: 0 0
Case #79: 0 0
Case #80: 0 0
Case #81: 0 0
Case #82: 0 0
Case #83: 1 0
Case #84: 0 0
Case #85: 1 1
Case #86: 3 2
Case #87: 0 0
Case #88: 0 0
Case #89: 0 0
Case #90: 1 0
Case #91: 1 0
Case #92: 1 0
Case #93: 1 1
Case #94: 1 0
Case #95: 0 0
Case #96: 1 1
Case #97: 249 249
Case #98: 0 0
Case #99: 1 0
Case #100: 1 0
